<?xml version="1.0" encoding="UTF-8"?>
<!-- Generated by org.testng.reporters.JUnitReportReporter -->
<testsuite hostname="DESKTOP-H1VEQ1F" failures="0" tests="2" name="Tutorial1.HomePageTest" time="1.681" errors="0" timestamp="2023-08-04T08:38:22 IST" skipped="0">
  <testcase classname="Tutorial1.HomePageTest" name="validateHomePageTitle" time="1.661"/>
  <testcase classname="Tutorial1.HomePageTest" name="validateHomePageUrl" time="0.020"/>
</testsuite> <!-- Tutorial1.HomePageTest -->
