<?xml version="1.0" encoding="UTF-8"?>
<!-- Generated by org.testng.reporters.JUnitReportReporter -->
<testsuite hostname="DESKTOP-H1VEQ1F" failures="0" tests="3" name="Tutorial1.PIMPageTest" time="38.495" errors="0" timestamp="2023-08-04T08:38:22 IST" skipped="0">
  <testcase classname="Tutorial1.PIMPageTest" name="validateUserIsOnPIMPage" time="1.801"/>
  <testcase classname="Tutorial1.PIMPageTest" name="validateNewUser" time="7.187"/>
  <testcase classname="Tutorial1.PIMPageTest" name="validateAddMoreDetailsFunctionality" time="29.507"/>
</testsuite> <!-- Tutorial1.PIMPageTest -->
