<?xml version="1.0" encoding="UTF-8"?>
<!-- Generated by org.testng.reporters.JUnitReportReporter -->
<testsuite hostname="DESKTOP-H1VEQ1F" failures="0" tests="3" name="BaseLayer.BaseClass" time="0.034" errors="0" timestamp="2023-07-08T00:21:53 IST" skipped="0">
  <testcase classname="BaseLayer.BaseClass" name="login" time="0.011"/>
  <testcase classname="BaseLayer.BaseClass" name="home" time="0.012"/>
  <testcase classname="BaseLayer.BaseClass" name="pim" time="0.011"/>
</testsuite> <!-- BaseLayer.BaseClass -->
