<?xml version="1.0" encoding="UTF-8"?>
<!-- Generated by org.testng.reporters.JUnitReportReporter -->
<testsuite hostname="DESKTOP-H1VEQ1F" failures="0" tests="1" name="Tutorial1.LoginPageTest" time="1.115" errors="0" timestamp="2023-08-04T08:38:22 IST" skipped="0">
  <testcase classname="Tutorial1.LoginPageTest" name="loginFunctionality" time="1.115"/>
</testsuite> <!-- Tutorial1.LoginPageTest -->
